<!DOCTYPE html PUBLIC "-//W3C//DTD XHTML 1.1//EN" "https://www.w3.org/TR/xhtml11/DTD/xhtml11.dtd">
<html xmlns="https://www.w3.org/1999/xhtml">
<head>
<meta http-equiv="content-type" content="text/html; charset=UTF-8"/>
<title>TestNG Report</title>
<style type="text/css">table {margin-bottom:10px;border-collapse:collapse;empty-cells:show}th,td {border:1px solid #009;padding:.25em .5em}th {vertical-align:bottom}td {vertical-align:top}table a {font-weight:bold}.stripe td {background-color: #E6EBF9}.num {text-align:right}.passedodd td {background-color: #3F3}.passedeven td {background-color: #0A0}.skippedodd td {background-color: #DDD}.skippedeven td {background-color: #CCC}.failedodd td,.attn {background-color: #F33}.failedeven td,.stripe .attn {background-color: #D00}.stacktrace {white-space:pre;font-family:monospace}.totop {font-size:85%;text-align:center;border-bottom:2px solid #000}.invisible {display:none}</style>
</head>
<body>
<table>
<tr><th>Test</th><th># Passed</th><th># Skipped</th><th># Retried</th><th># Failed</th><th>Time (ms)</th><th>Included Groups</th><th>Excluded Groups</th></tr>
<tr><th colspan="8">Suite</th></tr>
<tr><td><a href="#t0">SmokeTest</a></td><td class="num">1</td><td class="num attn">1</td><td class="num">0</td><td class="num attn">1</td><td class="num">83,054</td><td></td><td></td></tr>
</table>
<table id='summary'><thead><tr><th>Class</th><th>Method</th><th>Start</th><th>Time (ms)</th></tr></thead><tbody><tr><th colspan="4">Suite</th></tr></tbody><tbody id="t0"><tr><th colspan="4">SmokeTest &#8212; failed (configuration methods)</th></tr><tr class="failedeven"><td rowspan="1">com.atomation.test.test2</td><td><a href="#m0">closing</a></td><td rowspan="1">1666363816418</td><td rowspan="1">21</td></tr><tr><th colspan="4">SmokeTest &#8212; failed</th></tr><tr class="failedeven"><td rowspan="1">com.atomation.test.test2</td><td><a href="#m1">fftest</a></td><td rowspan="1">1666363795052</td><td rowspan="1">21210</td></tr><tr><th colspan="4">SmokeTest &#8212; skipped (configuration methods)</th></tr><tr class="skippedeven"><td rowspan="1">com.atomation.test.test2</td><td><a href="#m2">closing</a></td><td rowspan="1">1666363816457</td><td rowspan="1">-1666363816457</td></tr><tr><th colspan="4">SmokeTest &#8212; skipped</th></tr><tr class="skippedeven"><td rowspan="1">com.atomation.test.test2</td><td><a href="#m3">ieTest</a></td><td rowspan="1">1666363816447</td><td rowspan="1">0</td></tr><tr><th colspan="4">SmokeTest &#8212; passed</th></tr><tr class="passedeven"><td rowspan="1">com.atomation.test.test2</td><td><a href="#m4">chromeTest</a></td><td rowspan="1">1666363733438</td><td rowspan="1">61456</td></tr></tbody>
</table>
<h2>SmokeTest</h2><h3 id="m0">com.atomation.test.test2#closing</h3><table class="result"><tr><th>Exception</th></tr><tr><td><div class="stacktrace">org.openqa.selenium.remote.http.ConnectionFailedException: Unable to establish websocket connection to http://localhost:62675/devtools/browser/e3b99621-8c48-46b8-afa2-1406782e6a79
Build info: version: &apos;4.0.0&apos;, revision: &apos;3a21814679&apos;
System info: host: &apos;shakils-Air.lan&apos;, ip: &apos;2603:7000:e200:e37c:0:0:0:1fb5%en0&apos;, os.name: &apos;Mac OS X&apos;, os.arch: &apos;x86_64&apos;, os.version: &apos;12.6&apos;, java.version: &apos;18.0.1.1&apos;
Driver info: driver.version: RemoteWebDriver
	at org.openqa.selenium.remote.http.netty.NettyWebSocket.&lt;init&gt;(NettyWebSocket.java:104)
	at org.openqa.selenium.remote.http.netty.NettyWebSocket.lambda$create$3(NettyWebSocket.java:137)
	at org.openqa.selenium.remote.http.netty.NettyClient.openSocket(NettyClient.java:127)
	at org.openqa.selenium.devtools.Connection.&lt;init&gt;(Connection.java:77)
	at org.openqa.selenium.firefox.FirefoxDriver.maybeGetDevTools(FirefoxDriver.java:359)
	at org.openqa.selenium.remote.RemoteWebDriver.close(RemoteWebDriver.java:441)
	at com.atomation.test.test2.closing(test2.java:83)
	at java.base/java.util.ArrayList.forEach(ArrayList.java:1511)
... Removed 30 stack frames</div></td></tr></table><p class="totop"><a href="#summary">back to summary</a></p>
<h3 id="m1">com.atomation.test.test2#fftest</h3><table class="result"><tr><th>Exception</th></tr><tr><td><div class="stacktrace">org.openqa.selenium.ElementNotInteractableException: Element &lt;a class=&quot;menu-link sub-menu-link&quot; href=&quot;https://www.optimalworkshop.com/recruit/&quot;&gt; could not be scrolled into view
Build info: version: &apos;4.0.0&apos;, revision: &apos;3a21814679&apos;
System info: host: &apos;shakils-Air.lan&apos;, ip: &apos;2603:7000:e200:e37c:0:0:0:1fb5%en0&apos;, os.name: &apos;Mac OS X&apos;, os.arch: &apos;x86_64&apos;, os.version: &apos;12.6&apos;, java.version: &apos;18.0.1.1&apos;
Driver info: org.openqa.selenium.firefox.FirefoxDriver
Command: [ee046b11-7676-4b3f-87d4-9ea76711a937, clickElement {id=237be60c-336c-4dcb-9356-4ba157dbe03b}]
Capabilities {acceptInsecureCerts: true, browserName: firefox, browserVersion: 103.0, javascriptEnabled: true, moz:accessibilityChecks: false, moz:buildID: 20220718155818, moz:debuggerAddress: localhost:62675, moz:geckodriverVersion: 0.31.0, moz:headless: true, moz:platformVersion: 21.6.0, moz:processID: 2409, moz:profile: /var/folders/r6/6nq9ybbj4b9..., moz:shutdownTimeout: 60000, moz:useNonSpecCompliantPointerOrigin: false, moz:webdriverClick: true, moz:windowless: false, pageLoadStrategy: normal, platform: MAC, platformName: MAC, proxy: Proxy(), se:cdp: ws://localhost:62675/devtoo..., se:cdpVersion: 85, setWindowRect: true, strictFileInteractability: false, timeouts: {implicit: 0, pageLoad: 300000, script: 30000}, unhandledPromptBehavior: dismiss and notify}
Element: [[FirefoxDriver: firefox on MAC (ee046b11-7676-4b3f-87d4-9ea76711a937)] -&gt; xpath: //li[@id=&apos;nav-menu-item-100&apos;]//a[@class=&apos;menu-link sub-menu-link&apos;][normalize-space()=&apos;Participant recruitment&apos;]]
Session ID: ee046b11-7676-4b3f-87d4-9ea76711a937
	at org.openqa.selenium.remote.codec.w3c.W3CHttpResponseCodec.createException(W3CHttpResponseCodec.java:200)
	at org.openqa.selenium.remote.codec.w3c.W3CHttpResponseCodec.decode(W3CHttpResponseCodec.java:133)
	at org.openqa.selenium.remote.codec.w3c.W3CHttpResponseCodec.decode(W3CHttpResponseCodec.java:53)
	at org.openqa.selenium.remote.HttpCommandExecutor.execute(HttpCommandExecutor.java:184)
	at org.openqa.selenium.remote.service.DriverCommandExecutor.invokeExecute(DriverCommandExecutor.java:164)
	at org.openqa.selenium.remote.service.DriverCommandExecutor.execute(DriverCommandExecutor.java:139)
	at org.openqa.selenium.remote.RemoteWebDriver.execute(RemoteWebDriver.java:559)
	at org.openqa.selenium.remote.RemoteWebElement.execute(RemoteWebElement.java:251)
	at org.openqa.selenium.remote.RemoteWebElement.click(RemoteWebElement.java:77)
	at com.automation.base.PageBase.clickParticipantRecruitmentTab(PageBase.java:223)
	at com.atomation.test.test2.fftest(test2.java:52)
	at java.base/java.util.ArrayList.forEach(ArrayList.java:1511)
... Removed 28 stack frames</div></td></tr></table><p class="totop"><a href="#summary">back to summary</a></p>
<h3 id="m2">com.atomation.test.test2#closing</h3><table class="result"><tr><th class="invisible"/></tr></table><p class="totop"><a href="#summary">back to summary</a></p>
<h3 id="m3">com.atomation.test.test2#ieTest</h3><table class="result"><tr><th>Exception</th></tr><tr><td><div class="stacktrace">org.openqa.selenium.remote.http.ConnectionFailedException: Unable to establish websocket connection to http://localhost:62675/devtools/browser/e3b99621-8c48-46b8-afa2-1406782e6a79
Build info: version: &apos;4.0.0&apos;, revision: &apos;3a21814679&apos;
System info: host: &apos;shakils-Air.lan&apos;, ip: &apos;2603:7000:e200:e37c:0:0:0:1fb5%en0&apos;, os.name: &apos;Mac OS X&apos;, os.arch: &apos;x86_64&apos;, os.version: &apos;12.6&apos;, java.version: &apos;18.0.1.1&apos;
Driver info: driver.version: RemoteWebDriver
	at org.openqa.selenium.remote.http.netty.NettyWebSocket.&lt;init&gt;(NettyWebSocket.java:104)
	at org.openqa.selenium.remote.http.netty.NettyWebSocket.lambda$create$3(NettyWebSocket.java:137)
	at org.openqa.selenium.remote.http.netty.NettyClient.openSocket(NettyClient.java:127)
	at org.openqa.selenium.devtools.Connection.&lt;init&gt;(Connection.java:77)
	at org.openqa.selenium.firefox.FirefoxDriver.maybeGetDevTools(FirefoxDriver.java:359)
	at org.openqa.selenium.remote.RemoteWebDriver.close(RemoteWebDriver.java:441)
	at com.atomation.test.test2.closing(test2.java:83)
	at java.base/java.util.ArrayList.forEach(ArrayList.java:1511)
... Removed 30 stack frames</div></td></tr></table><p class="totop"><a href="#summary">back to summary</a></p>
<h3 id="m4">com.atomation.test.test2#chromeTest</h3><table class="result"><tr><th class="invisible"/></tr></table><p class="totop"><a href="#summary">back to summary</a></p>
</body>
</html>
