<?xml version="1.0" encoding="UTF-8"?>
<testng-results ignored="0" total="3" passed="1" failed="2" skipped="0">
  <reporter-output>
  </reporter-output>
  <suite started-at="2022-12-26T02:54:26 EST" name="Default suite" finished-at="2022-12-26T02:55:27 EST" duration-ms="60333">
    <groups>
    </groups>
    <test started-at="2022-12-26T02:54:26 EST" name="Default test" finished-at="2022-12-26T02:55:27 EST" duration-ms="60333">
      <class name="com.atomation.test.test2">
        <test-method signature="chromeTest()[pri:1, instance:com.atomation.test.test2@15eb5ee5]" started-at="2022-12-26T02:54:26 EST" name="chromeTest" finished-at="2022-12-26T02:54:38 EST" duration-ms="11710" status="FAIL">
          <exception class="org.openqa.selenium.ElementNotInteractableException">
            <message>
              <![CDATA[element not interactable: https://www.optimalworkshop.com/features/ has no size and location
  (Session info: headless chrome=108.0.5359.124)
Build info: version: '4.0.0', revision: '3a21814679'
System info: host: 'shakils-Air.cable.rcn.com', ip: 'fe80:0:0:0:1c10:7498:e6f8:2193%en0', os.name: 'Mac OS X', os.arch: 'x86_64', os.version: '13.1', java.version: '18.0.1.1'
Driver info: org.openqa.selenium.chrome.ChromeDriver
Command: [3cddfb07977b650eeead7bf070220cb6, actions {actions=[org.openqa.selenium.interactions.Sequence@58f07f02]}]
Capabilities {acceptInsecureCerts: false, browserName: chrome, browserVersion: 108.0.5359.124, chrome: {chromedriverVersion: 108.0.5359.71 (1e0e3868ee06..., userDataDir: /var/folders/r6/6nq9ybbj4b9...}, goog:chromeOptions: {debuggerAddress: localhost:64818}, javascriptEnabled: true, networkConnectionEnabled: false, pageLoadStrategy: normal, platform: MAC, platformName: MAC, proxy: Proxy(), se:cdp: ws://localhost:64818/devtoo..., se:cdpVersion: 108.0.5359.124, setWindowRect: true, strictFileInteractability: false, timeouts: {implicit: 0, pageLoad: 300000, script: 30000}, unhandledPromptBehavior: dismiss and notify, webauthn:extension:credBlob: true, webauthn:extension:largeBlob: true, webauthn:virtualAuthenticators: true}
Session ID: 3cddfb07977b650eeead7bf070220cb6]]>
            </message>
            <full-stacktrace>
              <![CDATA[org.openqa.selenium.ElementNotInteractableException: element not interactable: https://www.optimalworkshop.com/features/ has no size and location
  (Session info: headless chrome=108.0.5359.124)
Build info: version: '4.0.0', revision: '3a21814679'
System info: host: 'shakils-Air.cable.rcn.com', ip: 'fe80:0:0:0:1c10:7498:e6f8:2193%en0', os.name: 'Mac OS X', os.arch: 'x86_64', os.version: '13.1', java.version: '18.0.1.1'
Driver info: org.openqa.selenium.chrome.ChromeDriver
Command: [3cddfb07977b650eeead7bf070220cb6, actions {actions=[org.openqa.selenium.interactions.Sequence@58f07f02]}]
Capabilities {acceptInsecureCerts: false, browserName: chrome, browserVersion: 108.0.5359.124, chrome: {chromedriverVersion: 108.0.5359.71 (1e0e3868ee06..., userDataDir: /var/folders/r6/6nq9ybbj4b9...}, goog:chromeOptions: {debuggerAddress: localhost:64818}, javascriptEnabled: true, networkConnectionEnabled: false, pageLoadStrategy: normal, platform: MAC, platformName: MAC, proxy: Proxy(), se:cdp: ws://localhost:64818/devtoo..., se:cdpVersion: 108.0.5359.124, setWindowRect: true, strictFileInteractability: false, timeouts: {implicit: 0, pageLoad: 300000, script: 30000}, unhandledPromptBehavior: dismiss and notify, webauthn:extension:credBlob: true, webauthn:extension:largeBlob: true, webauthn:virtualAuthenticators: true}
Session ID: 3cddfb07977b650eeead7bf070220cb6
at java.base/jdk.internal.reflect.DirectConstructorHandleAccessor.newInstance(DirectConstructorHandleAccessor.java:67)
at java.base/java.lang.reflect.Constructor.newInstanceWithCaller(Constructor.java:499)
at java.base/java.lang.reflect.Constructor.newInstance(Constructor.java:483)
at org.openqa.selenium.remote.codec.w3c.W3CHttpResponseCodec.createException(W3CHttpResponseCodec.java:200)
at org.openqa.selenium.remote.codec.w3c.W3CHttpResponseCodec.decode(W3CHttpResponseCodec.java:133)
at org.openqa.selenium.remote.codec.w3c.W3CHttpResponseCodec.decode(W3CHttpResponseCodec.java:53)
at org.openqa.selenium.remote.HttpCommandExecutor.execute(HttpCommandExecutor.java:184)
at org.openqa.selenium.remote.service.DriverCommandExecutor.invokeExecute(DriverCommandExecutor.java:164)
at org.openqa.selenium.remote.service.DriverCommandExecutor.execute(DriverCommandExecutor.java:139)
at org.openqa.selenium.remote.RemoteWebDriver.execute(RemoteWebDriver.java:559)
at org.openqa.selenium.remote.RemoteWebDriver.perform(RemoteWebDriver.java:627)
at org.openqa.selenium.interactions.Actions$BuiltAction.perform(Actions.java:617)
at com.automation.base.PageBase.clickOverviewTab(PageBase.java:142)
at com.atomation.test.test2.chromeTest(test2.java:32)
at java.base/jdk.internal.reflect.DirectMethodHandleAccessor.invoke(DirectMethodHandleAccessor.java:104)
at java.base/java.lang.reflect.Method.invoke(Method.java:577)
at org.testng.internal.MethodInvocationHelper.invokeMethod(MethodInvocationHelper.java:133)
at org.testng.internal.TestInvoker.invokeMethod(TestInvoker.java:598)
at org.testng.internal.TestInvoker.invokeTestMethod(TestInvoker.java:173)
at org.testng.internal.MethodRunner.runInSequence(MethodRunner.java:46)
at org.testng.internal.TestInvoker$MethodInvocationAgent.invoke(TestInvoker.java:824)
at org.testng.internal.TestInvoker.invokeTestMethods(TestInvoker.java:146)
at org.testng.internal.TestMethodWorker.invokeTestMethods(TestMethodWorker.java:146)
at org.testng.internal.TestMethodWorker.run(TestMethodWorker.java:128)
at java.base/java.util.ArrayList.forEach(ArrayList.java:1511)
at org.testng.TestRunner.privateRun(TestRunner.java:794)
at org.testng.TestRunner.run(TestRunner.java:596)
at org.testng.SuiteRunner.runTest(SuiteRunner.java:377)
at org.testng.SuiteRunner.runSequentially(SuiteRunner.java:371)
at org.testng.SuiteRunner.privateRun(SuiteRunner.java:332)
at org.testng.SuiteRunner.run(SuiteRunner.java:276)
at org.testng.SuiteRunnerWorker.runSuite(SuiteRunnerWorker.java:53)
at org.testng.SuiteRunnerWorker.run(SuiteRunnerWorker.java:96)
at org.testng.TestNG.runSuitesSequentially(TestNG.java:1212)
at org.testng.TestNG.runSuitesLocally(TestNG.java:1134)
at org.testng.TestNG.runSuites(TestNG.java:1063)
at org.testng.TestNG.run(TestNG.java:1031)
at org.testng.remote.AbstractRemoteTestNG.run(AbstractRemoteTestNG.java:115)
at org.testng.remote.RemoteTestNG.initAndRun(RemoteTestNG.java:251)
at org.testng.remote.RemoteTestNG.main(RemoteTestNG.java:77)
]]>
            </full-stacktrace>
          </exception> <!-- org.openqa.selenium.ElementNotInteractableException -->
          <reporter-output>
          </reporter-output>
        </test-method> <!-- chromeTest -->
        <test-method is-config="true" signature="closing()[pri:0, instance:com.atomation.test.test2@15eb5ee5]" started-at="2022-12-26T02:54:38 EST" name="closing" finished-at="2022-12-26T02:54:38 EST" duration-ms="88" status="PASS">
          <reporter-output>
          </reporter-output>
        </test-method> <!-- closing -->
        <test-method signature="fftest()[pri:2, instance:com.atomation.test.test2@15eb5ee5]" started-at="2022-12-26T02:54:38 EST" name="fftest" finished-at="2022-12-26T02:55:14 EST" duration-ms="35843" status="PASS">
          <reporter-output>
          </reporter-output>
        </test-method> <!-- fftest -->
        <test-method is-config="true" signature="closing()[pri:0, instance:com.atomation.test.test2@15eb5ee5]" started-at="2022-12-26T02:55:14 EST" name="closing" finished-at="2022-12-26T02:55:14 EST" duration-ms="506" status="PASS">
          <reporter-output>
          </reporter-output>
        </test-method> <!-- closing -->
        <test-method signature="ieTest()[pri:3, instance:com.atomation.test.test2@15eb5ee5]" started-at="2022-12-26T02:55:14 EST" name="ieTest" finished-at="2022-12-26T02:55:26 EST" duration-ms="11954" status="FAIL">
          <exception class="org.openqa.selenium.ElementNotInteractableException">
            <message>
              <![CDATA[element not interactable: https://www.optimalworkshop.com/features/ has no size and location
  (Session info: headless MicrosoftEdge=108.0.1462.46)
Build info: version: '4.0.0', revision: '3a21814679'
System info: host: 'shakils-Air.cable.rcn.com', ip: 'fe80:0:0:0:1c10:7498:e6f8:2193%en0', os.name: 'Mac OS X', os.arch: 'x86_64', os.version: '13.1', java.version: '18.0.1.1'
Driver info: org.openqa.selenium.edge.EdgeDriver
Command: [a906797df2002f8c725820c03cfe0662, actions {actions=[org.openqa.selenium.interactions.Sequence@443faa85]}]
Capabilities {acceptInsecureCerts: false, browserName: msedge, browserVersion: 108.0.1462.46, javascriptEnabled: true, ms:edgeOptions: {debuggerAddress: localhost:65328}, msedge: {msedgedriverVersion: 108.0.1462.54 (c2998c8c6617..., userDataDir: /var/folders/r6/6nq9ybbj4b9...}, networkConnectionEnabled: false, pageLoadStrategy: normal, platform: MAC, platformName: MAC, proxy: Proxy(), se:cdp: ws://localhost:65328/devtoo..., se:cdpVersion: 108.0.1462.46, setWindowRect: true, strictFileInteractability: false, timeouts: {implicit: 0, pageLoad: 300000, script: 30000}, unhandledPromptBehavior: dismiss and notify, webauthn:extension:credBlob: true, webauthn:extension:largeBlob: true, webauthn:virtualAuthenticators: true}
Session ID: a906797df2002f8c725820c03cfe0662]]>
            </message>
            <full-stacktrace>
              <![CDATA[org.openqa.selenium.ElementNotInteractableException: element not interactable: https://www.optimalworkshop.com/features/ has no size and location
  (Session info: headless MicrosoftEdge=108.0.1462.46)
Build info: version: '4.0.0', revision: '3a21814679'
System info: host: 'shakils-Air.cable.rcn.com', ip: 'fe80:0:0:0:1c10:7498:e6f8:2193%en0', os.name: 'Mac OS X', os.arch: 'x86_64', os.version: '13.1', java.version: '18.0.1.1'
Driver info: org.openqa.selenium.edge.EdgeDriver
Command: [a906797df2002f8c725820c03cfe0662, actions {actions=[org.openqa.selenium.interactions.Sequence@443faa85]}]
Capabilities {acceptInsecureCerts: false, browserName: msedge, browserVersion: 108.0.1462.46, javascriptEnabled: true, ms:edgeOptions: {debuggerAddress: localhost:65328}, msedge: {msedgedriverVersion: 108.0.1462.54 (c2998c8c6617..., userDataDir: /var/folders/r6/6nq9ybbj4b9...}, networkConnectionEnabled: false, pageLoadStrategy: normal, platform: MAC, platformName: MAC, proxy: Proxy(), se:cdp: ws://localhost:65328/devtoo..., se:cdpVersion: 108.0.1462.46, setWindowRect: true, strictFileInteractability: false, timeouts: {implicit: 0, pageLoad: 300000, script: 30000}, unhandledPromptBehavior: dismiss and notify, webauthn:extension:credBlob: true, webauthn:extension:largeBlob: true, webauthn:virtualAuthenticators: true}
Session ID: a906797df2002f8c725820c03cfe0662
at java.base/jdk.internal.reflect.DirectConstructorHandleAccessor.newInstance(DirectConstructorHandleAccessor.java:67)
at java.base/java.lang.reflect.Constructor.newInstanceWithCaller(Constructor.java:499)
at java.base/java.lang.reflect.Constructor.newInstance(Constructor.java:483)
at org.openqa.selenium.remote.codec.w3c.W3CHttpResponseCodec.createException(W3CHttpResponseCodec.java:200)
at org.openqa.selenium.remote.codec.w3c.W3CHttpResponseCodec.decode(W3CHttpResponseCodec.java:133)
at org.openqa.selenium.remote.codec.w3c.W3CHttpResponseCodec.decode(W3CHttpResponseCodec.java:53)
at org.openqa.selenium.remote.HttpCommandExecutor.execute(HttpCommandExecutor.java:184)
at org.openqa.selenium.remote.service.DriverCommandExecutor.invokeExecute(DriverCommandExecutor.java:164)
at org.openqa.selenium.remote.service.DriverCommandExecutor.execute(DriverCommandExecutor.java:139)
at org.openqa.selenium.remote.RemoteWebDriver.execute(RemoteWebDriver.java:559)
at org.openqa.selenium.remote.RemoteWebDriver.perform(RemoteWebDriver.java:627)
at org.openqa.selenium.interactions.Actions$BuiltAction.perform(Actions.java:617)
at com.automation.base.PageBase.clickOverviewTab(PageBase.java:142)
at com.atomation.test.test2.ieTest(test2.java:69)
at java.base/jdk.internal.reflect.DirectMethodHandleAccessor.invoke(DirectMethodHandleAccessor.java:104)
at java.base/java.lang.reflect.Method.invoke(Method.java:577)
at org.testng.internal.MethodInvocationHelper.invokeMethod(MethodInvocationHelper.java:133)
at org.testng.internal.TestInvoker.invokeMethod(TestInvoker.java:598)
at org.testng.internal.TestInvoker.invokeTestMethod(TestInvoker.java:173)
at org.testng.internal.MethodRunner.runInSequence(MethodRunner.java:46)
at org.testng.internal.TestInvoker$MethodInvocationAgent.invoke(TestInvoker.java:824)
at org.testng.internal.TestInvoker.invokeTestMethods(TestInvoker.java:146)
at org.testng.internal.TestMethodWorker.invokeTestMethods(TestMethodWorker.java:146)
at org.testng.internal.TestMethodWorker.run(TestMethodWorker.java:128)
at java.base/java.util.ArrayList.forEach(ArrayList.java:1511)
at org.testng.TestRunner.privateRun(TestRunner.java:794)
at org.testng.TestRunner.run(TestRunner.java:596)
at org.testng.SuiteRunner.runTest(SuiteRunner.java:377)
at org.testng.SuiteRunner.runSequentially(SuiteRunner.java:371)
at org.testng.SuiteRunner.privateRun(SuiteRunner.java:332)
at org.testng.SuiteRunner.run(SuiteRunner.java:276)
at org.testng.SuiteRunnerWorker.runSuite(SuiteRunnerWorker.java:53)
at org.testng.SuiteRunnerWorker.run(SuiteRunnerWorker.java:96)
at org.testng.TestNG.runSuitesSequentially(TestNG.java:1212)
at org.testng.TestNG.runSuitesLocally(TestNG.java:1134)
at org.testng.TestNG.runSuites(TestNG.java:1063)
at org.testng.TestNG.run(TestNG.java:1031)
at org.testng.remote.AbstractRemoteTestNG.run(AbstractRemoteTestNG.java:115)
at org.testng.remote.RemoteTestNG.initAndRun(RemoteTestNG.java:251)
at org.testng.remote.RemoteTestNG.main(RemoteTestNG.java:77)
]]>
            </full-stacktrace>
          </exception> <!-- org.openqa.selenium.ElementNotInteractableException -->
          <reporter-output>
          </reporter-output>
        </test-method> <!-- ieTest -->
        <test-method is-config="true" signature="closing()[pri:0, instance:com.atomation.test.test2@15eb5ee5]" started-at="2022-12-26T02:55:26 EST" name="closing" finished-at="2022-12-26T02:55:27 EST" duration-ms="142" status="PASS">
          <reporter-output>
          </reporter-output>
        </test-method> <!-- closing -->
      </class> <!-- com.atomation.test.test2 -->
    </test> <!-- Default test -->
  </suite> <!-- Default suite -->
</testng-results>
